mode: set
github.com/esell/hoptocopter/main.go:44.41,44.58 1 0
github.com/esell/hoptocopter/main.go:45.41,45.81 1 0
github.com/esell/hoptocopter/main.go:46.41,46.68 1 0
github.com/esell/hoptocopter/main.go:57.39,57.56 1 0
github.com/esell/hoptocopter/main.go:58.39,58.66 1 0
github.com/esell/hoptocopter/main.go:59.44,62.2 2 0
github.com/esell/hoptocopter/main.go:64.13,66.16 2 1
github.com/esell/hoptocopter/main.go:69.2,69.12 1 1
github.com/esell/hoptocopter/main.go:66.16,68.3 1 0
github.com/esell/hoptocopter/main.go:72.41,74.29 2 0
github.com/esell/hoptocopter/main.go:80.2,80.16 1 0
github.com/esell/hoptocopter/main.go:83.2,83.48 1 0
github.com/esell/hoptocopter/main.go:74.29,76.18 2 0
github.com/esell/hoptocopter/main.go:76.18,78.4 1 0
github.com/esell/hoptocopter/main.go:80.16,82.3 1 0
github.com/esell/hoptocopter/main.go:88.57,90.16 2 0
github.com/esell/hoptocopter/main.go:93.2,103.15 6 0
github.com/esell/hoptocopter/main.go:135.2,135.32 1 0
github.com/esell/hoptocopter/main.go:138.2,138.26 1 0
github.com/esell/hoptocopter/main.go:142.2,143.32 2 0
github.com/esell/hoptocopter/main.go:146.2,147.22 2 0
github.com/esell/hoptocopter/main.go:90.16,92.3 1 0
github.com/esell/hoptocopter/main.go:103.15,105.17 2 0
github.com/esell/hoptocopter/main.go:113.3,114.15 2 0
github.com/esell/hoptocopter/main.go:117.3,119.15 3 0
github.com/esell/hoptocopter/main.go:126.3,133.5 1 0
github.com/esell/hoptocopter/main.go:105.17,107.48 2 0
github.com/esell/hoptocopter/main.go:110.4,111.12 2 0
github.com/esell/hoptocopter/main.go:107.48,109.5 1 0
github.com/esell/hoptocopter/main.go:114.15,116.4 1 0
github.com/esell/hoptocopter/main.go:119.15,125.4 2 0
github.com/esell/hoptocopter/main.go:135.32,137.3 1 0
github.com/esell/hoptocopter/main.go:138.26,140.3 1 0
github.com/esell/hoptocopter/main.go:143.32,145.3 1 0
github.com/esell/hoptocopter/main.go:150.26,152.16 2 0
github.com/esell/hoptocopter/main.go:155.2,155.10 1 0
github.com/esell/hoptocopter/main.go:152.16,153.13 1 0
github.com/esell/hoptocopter/main.go:158.20,163.2 3 0
github.com/esell/hoptocopter/main.go:165.73,169.2 3 0
github.com/esell/hoptocopter/main.go:171.46,172.71 1 1
github.com/esell/hoptocopter/main.go:172.71,173.25 1 1
github.com/esell/hoptocopter/main.go:177.3,179.46 2 0
github.com/esell/hoptocopter/main.go:191.3,192.17 2 0
github.com/esell/hoptocopter/main.go:196.3,197.7 2 0
github.com/esell/hoptocopter/main.go:218.3,219.17 2 0
github.com/esell/hoptocopter/main.go:223.3,228.107 4 0
github.com/esell/hoptocopter/main.go:173.25,176.4 2 1
github.com/esell/hoptocopter/main.go:179.46,180.26 1 0
github.com/esell/hoptocopter/main.go:180.26,182.55 2 0
github.com/esell/hoptocopter/main.go:182.55,185.6 2 0
github.com/esell/hoptocopter/main.go:186.5,188.5 1 0
github.com/esell/hoptocopter/main.go:192.17,195.4 2 0
github.com/esell/hoptocopter/main.go:197.7,199.21 2 0
github.com/esell/hoptocopter/main.go:202.4,202.29 1 0
github.com/esell/hoptocopter/main.go:206.4,207.18 2 0
github.com/esell/hoptocopter/main.go:211.4,212.48 2 0
github.com/esell/hoptocopter/main.go:199.21,200.10 1 0
github.com/esell/hoptocopter/main.go:202.29,203.13 1 0
github.com/esell/hoptocopter/main.go:207.18,210.5 2 0
github.com/esell/hoptocopter/main.go:212.48,215.5 2 0
github.com/esell/hoptocopter/main.go:219.17,221.4 1 0
github.com/esell/hoptocopter/main.go:232.47,233.71 1 0
github.com/esell/hoptocopter/main.go:233.71,234.24 1 0
github.com/esell/hoptocopter/main.go:238.3,239.21 2 0
github.com/esell/hoptocopter/main.go:243.3,244.17 2 0
github.com/esell/hoptocopter/main.go:249.3,255.17 5 0
github.com/esell/hoptocopter/main.go:259.3,260.51 2 0
github.com/esell/hoptocopter/main.go:264.3,264.22 1 0
github.com/esell/hoptocopter/main.go:234.24,237.4 2 0
github.com/esell/hoptocopter/main.go:239.21,242.4 2 0
github.com/esell/hoptocopter/main.go:244.17,247.4 2 0
github.com/esell/hoptocopter/main.go:255.17,258.4 2 0
github.com/esell/hoptocopter/main.go:260.51,263.4 2 0
github.com/esell/hoptocopter/main.go:268.13,271.16 3 0
github.com/esell/hoptocopter/main.go:274.2,274.60 1 0
github.com/esell/hoptocopter/main.go:278.2,282.66 4 0
github.com/esell/hoptocopter/main.go:271.16,273.3 1 0
github.com/esell/hoptocopter/main.go:274.60,276.3 1 0
